# JRE version: OpenJDK Runtime Environment Temurin-17.0.2+8 (17.0.2+8) (build 17.0.2+8)
# Java VM: OpenJDK 64-Bit Server VM Temurin-17.0.2+8 (17.0.2+8, mixed mode, tiered, compressed oops, compressed class ptrs, parallel gc, bsd-amd64)
GC Precious Log:
 CPUs: 4 total, 4 available
 Memory: 8192M
 Large Page Support: Disabled
 NUMA Support: Disabled
 Compressed Oops: Enabled (Zero based)
 Alignments: Space 512K, Generation 512K, Heap 2M
 Heap Min Capacity: 100M
 Heap Initial Capacity: 100M
 Heap Max Capacity: 1G
 Pre-touch: Disabled
 Parallel Workers: 4
Heap:
 PSYoungGen      total 13312K, used 13282K [0x00000007eab00000, 0x00000007ec580000, 0x0000000800000000)
  eden space 10752K, 99% used [0x00000007eab00000,0x00000007eb57fff8,0x00000007eb580000)
  from space 2560K, 98% used [0x00000007ebe00000,0x00000007ec078930,0x00000007ec080000)
  to   space 8192K, 3% used [0x00000007eb580000,0x00000007eb5c8000,0x00000007ebd80000)
 ParOldGen       total 199680K, used 188150K [0x00000007c0000000, 0x00000007cc300000, 0x00000007eab00000)
  object space 199680K, 94% used [0x00000007c0000000,0x00000007cb7bd8a0,0x00000007cc300000)
 Metaspace       used 89647K, committed 90688K, reserved 1130496K
  class space    used 8816K, committed 9280K, reserved 1048576K
GC Heap History (20 events):
Event: 26849.034 GC heap after
{Heap after GC invocations=7460 (full 197):
 PSYoungGen      total 11776K, used 3896K [0x00000007eab00000, 0x00000007ebb80000, 0x0000000800000000)
  eden space 6144K, 0% used [0x00000007eab00000,0x00000007eab00000,0x00000007eb100000)
  from space 5632K, 69% used [0x00000007eb100000,0x00000007eb4ce3b8,0x00000007eb680000)
  to   space 4608K, 0% used [0x00000007eb700000,0x00000007eb700000,0x00000007ebb80000)
 ParOldGen       total 199680K, used 148810K [0x00000007c0000000, 0x00000007cc300000, 0x00000007eab00000)
  object space 199680K, 74% used [0x00000007c0000000,0x00000007c91529d0,0x00000007cc300000)
 Metaspace       used 89634K, committed 90688K, reserved 1130496K
  class space    used 8816K, committed 9280K, reserved 1048576K
}
Event: 26849.081 GC heap before
{Heap before GC invocations=7461 (full 197):
 PSYoungGen      total 11776K, used 10040K [0x00000007eab00000, 0x00000007ebb80000, 0x0000000800000000)
  eden space 6144K, 100% used [0x00000007eab00000,0x00000007eb100000,0x00000007eb100000)
  from space 5632K, 69% used [0x00000007eb100000,0x00000007eb4ce3b8,0x00000007eb680000)
  to   space 4608K, 0% used [0x00000007eb700000,0x00000007eb700000,0x00000007ebb80000)
 ParOldGen       total 199680K, used 148810K [0x00000007c0000000, 0x00000007cc300000, 0x00000007eab00000)
  object space 199680K, 74% used [0x00000007c0000000,0x00000007c91529d0,0x00000007cc300000)
 Metaspace       used 89634K, committed 90688K, reserved 1130496K
  class space    used 8816K, committed 9280K, reserved 1048576K
}
Event: 26849.091 GC heap after
{Heap after GC invocations=7461 (full 197):
 PSYoungGen      total 11264K, used 3504K [0x00000007eab00000, 0x00000007eba80000, 0x0000000800000000)
  eden space 7680K, 0% used [0x00000007eab00000,0x00000007eab00000,0x00000007eb280000)
  from space 3584K, 97% used [0x00000007eb700000,0x00000007eba6c000,0x00000007eba80000)
  to   space 4096K, 0% used [0x00000007eb280000,0x00000007eb280000,0x00000007eb680000)
 ParOldGen       total 199680K, used 152458K [0x00000007c0000000, 0x00000007cc300000, 0x00000007eab00000)
  object space 199680K, 76% used [0x00000007c0000000,0x00000007c94e2938,0x00000007cc300000)
 Metaspace       used 89634K, committed 90688K, reserved 1130496K
  class space    used 8816K, committed 9280K, reserved 1048576K
}
Event: 26849.436 GC heap before
{Heap before GC invocations=7462 (full 197):
 PSYoungGen      total 11264K, used 10865K [0x00000007eab00000, 0x00000007eba80000, 0x0000000800000000)
  eden space 7680K, 95% used [0x00000007eab00000,0x00000007eb230578,0x00000007eb280000)
  from space 3584K, 97% used [0x00000007eb700000,0x00000007eba6c000,0x00000007eba80000)
  to   space 4096K, 0% used [0x00000007eb280000,0x00000007eb280000,0x00000007eb680000)
 ParOldGen       total 199680K, used 152458K [0x00000007c0000000, 0x00000007cc300000, 0x00000007eab00000)
  object space 199680K, 76% used [0x00000007c0000000,0x00000007c94e2938,0x00000007cc300000)
 Metaspace       used 89634K, committed 90688K, reserved 1130496K
  class space    used 8816K, committed 9280K, reserved 1048576K
}
Event: 26849.446 GC heap after
{Heap after GC invocations=7462 (full 197):
 PSYoungGen      total 11776K, used 4096K [0x00000007eab00000, 0x00000007ec600000, 0x0000000800000000)
  eden space 7680K, 0% used [0x00000007eab00000,0x00000007eab00000,0x00000007eb280000)
  from space 4096K, 100% used [0x00000007eb280000,0x00000007eb680000,0x00000007eb680000)
  to   space 9216K, 0% used [0x00000007ebd00000,0x00000007ebd00000,0x00000007ec600000)
 ParOldGen       total 199680K, used 156722K [0x00000007c0000000, 0x00000007cc300000, 0x00000007eab00000)
  object space 199680K, 78% used [0x00000007c0000000,0x00000007c990c938,0x00000007cc300000)
 Metaspace       used 89634K, committed 90688K, reserved 1130496K
  class space    used 8816K, committed 9280K, reserved 1048576K
}
Event: 26849.737 GC heap before
{Heap before GC invocations=7463 (full 197):
 PSYoungGen      total 11776K, used 11776K [0x00000007eab00000, 0x00000007ec600000, 0x0000000800000000)
  eden space 7680K, 100% used [0x00000007eab00000,0x00000007eb280000,0x00000007eb280000)
  from space 4096K, 100% used [0x00000007eb280000,0x00000007eb680000,0x00000007eb680000)
  to   space 9216K, 0% used [0x00000007ebd00000,0x00000007ebd00000,0x00000007ec600000)
 ParOldGen       total 199680K, used 156722K [0x00000007c0000000, 0x00000007cc300000, 0x00000007eab00000)
  object space 199680K, 78% used [0x00000007c0000000,0x00000007c990c938,0x00000007cc300000)
 Metaspace       used 89634K, committed 90688K, reserved 1130496K
  class space    used 8816K, committed 9280K, reserved 1048576K
}
Event: 26849.748 GC heap after
{Heap after GC invocations=7463 (full 197):
 PSYoungGen      total 16896K, used 7395K [0x00000007eab00000, 0x00000007ec480000, 0x0000000800000000)
  eden space 9216K, 0% used [0x00000007eab00000,0x00000007eab00000,0x00000007eb400000)
  from space 7680K, 96% used [0x00000007ebd00000,0x00000007ec438c20,0x00000007ec480000)
  to   space 8192K, 0% used [0x00000007eb480000,0x00000007eb480000,0x00000007ebc80000)
 ParOldGen       total 199680K, used 160826K [0x00000007c0000000, 0x00000007cc300000, 0x00000007eab00000)
  object space 199680K, 80% used [0x00000007c0000000,0x00000007c9d0e938,0x00000007cc300000)
 Metaspace       used 89634K, committed 90688K, reserved 1130496K
  class space    used 8816K, committed 9280K, reserved 1048576K
}
Event: 26849.807 GC heap before
{Heap before GC invocations=7464 (full 197):
 PSYoungGen      total 16896K, used 16611K [0x00000007eab00000, 0x00000007ec480000, 0x0000000800000000)
  eden space 9216K, 100% used [0x00000007eab00000,0x00000007eb400000,0x00000007eb400000)
  from space 7680K, 96% used [0x00000007ebd00000,0x00000007ec438c20,0x00000007ec480000)
  to   space 8192K, 0% used [0x00000007eb480000,0x00000007eb480000,0x00000007ebc80000)
 ParOldGen       total 199680K, used 160826K [0x00000007c0000000, 0x00000007cc300000, 0x00000007eab00000)
  object space 199680K, 80% used [0x00000007c0000000,0x00000007c9d0e938,0x00000007cc300000)
 Metaspace       used 89634K, committed 90688K, reserved 1130496K
  class space    used 8816K, committed 9280K, reserved 1048576K
}
Event: 26849.815 GC heap after
{Heap after GC invocations=7464 (full 197):
 PSYoungGen      total 11776K, used 1658K [0x00000007eab00000, 0x00000007ebd80000, 0x0000000800000000)
  eden space 9728K, 0% used [0x00000007eab00000,0x00000007eab00000,0x00000007eb480000)
  from space 2048K, 80% used [0x00000007eb480000,0x00000007eb61e900,0x00000007eb680000)
  to   space 4096K, 0% used [0x00000007eb980000,0x00000007eb980000,0x00000007ebd80000)
 ParOldGen       total 199680K, used 167923K [0x00000007c0000000, 0x00000007cc300000, 0x00000007eab00000)
  object space 199680K, 84% used [0x00000007c0000000,0x00000007ca3fcc58,0x00000007cc300000)
 Metaspace       used 89634K, committed 90688K, reserved 1130496K
  class space    used 8816K, committed 9280K, reserved 1048576K
}
Event: 26849.943 GC heap before
{Heap before GC invocations=7465 (full 197):
 PSYoungGen      total 11776K, used 11386K [0x00000007eab00000, 0x00000007ebd80000, 0x0000000800000000)
  eden space 9728K, 100% used [0x00000007eab00000,0x00000007eb480000,0x00000007eb480000)
  from space 2048K, 80% used [0x00000007eb480000,0x00000007eb61e900,0x00000007eb680000)
  to   space 4096K, 0% used [0x00000007eb980000,0x00000007eb980000,0x00000007ebd80000)
 ParOldGen       total 199680K, used 167923K [0x00000007c0000000, 0x00000007cc300000, 0x00000007eab00000)
  object space 199680K, 84% used [0x00000007c0000000,0x00000007ca3fcc58,0x00000007cc300000)
 Metaspace       used 89634K, committed 90688K, reserved 1130496K
  class space    used 8816K, committed 9280K, reserved 1048576K
}
Event: 26849.951 GC heap after
{Heap after GC invocations=7465 (full 197):
 PSYoungGen      total 14848K, used 3380K [0x00000007eab00000, 0x00000007ebe00000, 0x0000000800000000)
  eden space 10752K, 0% used [0x00000007eab00000,0x00000007eab00000,0x00000007eb580000)
  from space 4096K, 82% used [0x00000007eb980000,0x00000007ebccd200,0x00000007ebd80000)
  to   space 4096K, 0% used [0x00000007eb580000,0x00000007eb580000,0x00000007eb980000)
 ParOldGen       total 199680K, used 169379K [0x00000007c0000000, 0x00000007cc300000, 0x00000007eab00000)
  object space 199680K, 84% used [0x00000007c0000000,0x00000007ca568c58,0x00000007cc300000)
 Metaspace       used 89634K, committed 90688K, reserved 1130496K
  class space    used 8816K, committed 9280K, reserved 1048576K
}
Event: 26850.218 GC heap before
{Heap before GC invocations=7466 (full 197):
 PSYoungGen      total 14848K, used 14132K [0x00000007eab00000, 0x00000007ebe00000, 0x0000000800000000)
  eden space 10752K, 100% used [0x00000007eab00000,0x00000007eb580000,0x00000007eb580000)
  from space 4096K, 82% used [0x00000007eb980000,0x00000007ebccd200,0x00000007ebd80000)
  to   space 4096K, 0% used [0x00000007eb580000,0x00000007eb580000,0x00000007eb980000)
 ParOldGen       total 199680K, used 169379K [0x00000007c0000000, 0x00000007cc300000, 0x00000007eab00000)
  object space 199680K, 84% used [0x00000007c0000000,0x00000007ca568c58,0x00000007cc300000)
 Metaspace       used 89634K, committed 90688K, reserved 1130496K
  class space    used 8816K, committed 9280K, reserved 1048576K
}
Event: 26850.230 GC heap after
{Heap after GC invocations=7466 (full 197):
 PSYoungGen      total 14848K, used 4093K [0x00000007eab00000, 0x00000007eca80000, 0x0000000800000000)
  eden space 10752K, 0% used [0x00000007eab00000,0x00000007eab00000,0x00000007eb580000)
  from space 4096K, 99% used [0x00000007eb580000,0x00000007eb97f520,0x00000007eb980000)
  to   space 10752K, 0% used [0x00000007ec000000,0x00000007ec000000,0x00000007eca80000)
 ParOldGen       total 199680K, used 174622K [0x00000007c0000000, 0x00000007cc300000, 0x00000007eab00000)
  object space 199680K, 87% used [0x00000007c0000000,0x00000007caa879f0,0x00000007cc300000)
 Metaspace       used 89634K, committed 90688K, reserved 1130496K
  class space    used 8816K, committed 9280K, reserved 1048576K
}
Event: 26856.329 GC heap before
{Heap before GC invocations=7467 (full 197):
 PSYoungGen      total 14848K, used 14783K [0x00000007eab00000, 0x00000007eca80000, 0x0000000800000000)
  eden space 10752K, 99% used [0x00000007eab00000,0x00000007eb570780,0x00000007eb580000)
  from space 4096K, 99% used [0x00000007eb580000,0x00000007eb97f520,0x00000007eb980000)
  to   space 10752K, 0% used [0x00000007ec000000,0x00000007ec000000,0x00000007eca80000)
 ParOldGen       total 199680K, used 174622K [0x00000007c0000000, 0x00000007cc300000, 0x00000007eab00000)
  object space 199680K, 87% used [0x00000007c0000000,0x00000007caa879f0,0x00000007cc300000)
 Metaspace       used 89638K, committed 90688K, reserved 1130496K
  class space    used 8816K, committed 9280K, reserved 1048576K
}
Event: 26856.347 GC heap after
{Heap after GC invocations=7467 (full 197):
 PSYoungGen      total 15872K, used 4858K [0x00000007eab00000, 0x00000007ec500000, 0x0000000800000000)
  eden space 10752K, 0% used [0x00000007eab00000,0x00000007eab00000,0x00000007eb580000)
  from space 5120K, 94% used [0x00000007ec000000,0x00000007ec4be900,0x00000007ec500000)
  to   space 6656K, 0% used [0x00000007eb800000,0x00000007eb800000,0x00000007ebe80000)
 ParOldGen       total 199680K, used 178679K [0x00000007c0000000, 0x00000007cc300000, 0x00000007eab00000)
  object space 199680K, 89% used [0x00000007c0000000,0x00000007cae7dd10,0x00000007cc300000)
 Metaspace       used 89638K, committed 90688K, reserved 1130496K
  class space    used 8816K, committed 9280K, reserved 1048576K
}
Event: 26856.388 GC heap before
{Heap before GC invocations=7468 (full 197):
 PSYoungGen      total 15872K, used 15610K [0x00000007eab00000, 0x00000007ec500000, 0x0000000800000000)
  eden space 10752K, 100% used [0x00000007eab00000,0x00000007eb580000,0x00000007eb580000)
  from space 5120K, 94% used [0x00000007ec000000,0x00000007ec4be900,0x00000007ec500000)
  to   space 6656K, 0% used [0x00000007eb800000,0x00000007eb800000,0x00000007ebe80000)
 ParOldGen       total 199680K, used 178679K [0x00000007c0000000, 0x00000007cc300000, 0x00000007eab00000)
  object space 199680K, 89% used [0x00000007c0000000,0x00000007cae7dd10,0x00000007cc300000)
 Metaspace       used 89638K, committed 90688K, reserved 1130496K
  class space    used 8816K, committed 9280K, reserved 1048576K
}
Event: 26856.397 GC heap after
{Heap after GC invocations=7468 (full 197):
 PSYoungGen      total 11776K, used 570K [0x00000007eab00000, 0x00000007ec080000, 0x0000000800000000)
  eden space 10752K, 0% used [0x00000007eab00000,0x00000007eab00000,0x00000007eb580000)
  from space 1024K, 55% used [0x00000007eb800000,0x00000007eb88e900,0x00000007eb900000)
  to   space 2560K, 0% used [0x00000007ebe00000,0x00000007ebe00000,0x00000007ec080000)
 ParOldGen       total 199680K, used 183448K [0x00000007c0000000, 0x00000007cc300000, 0x00000007eab00000)
  object space 199680K, 91% used [0x00000007c0000000,0x00000007cb326108,0x00000007cc300000)
 Metaspace       used 89638K, committed 90688K, reserved 1130496K
  class space    used 8816K, committed 9280K, reserved 1048576K
}
Event: 26925.178 GC heap before
{Heap before GC invocations=7469 (full 197):
 PSYoungGen      total 11776K, used 11322K [0x00000007eab00000, 0x00000007ec080000, 0x0000000800000000)
  eden space 10752K, 100% used [0x00000007eab00000,0x00000007eb580000,0x00000007eb580000)
  from space 1024K, 55% used [0x00000007eb800000,0x00000007eb88e900,0x00000007eb900000)
  to   space 2560K, 0% used [0x00000007ebe00000,0x00000007ebe00000,0x00000007ec080000)
 ParOldGen       total 199680K, used 183448K [0x00000007c0000000, 0x00000007cc300000, 0x00000007eab00000)
  object space 199680K, 91% used [0x00000007c0000000,0x00000007cb326108,0x00000007cc300000)
 Metaspace       used 89638K, committed 90688K, reserved 1130496K
  class space    used 8816K, committed 9280K, reserved 1048576K
}
Event: 26925.186 GC heap after
{Heap after GC invocations=7469 (full 197):
 PSYoungGen      total 13312K, used 2530K [0x00000007eab00000, 0x00000007ec580000, 0x0000000800000000)
  eden space 10752K, 0% used [0x00000007eab00000,0x00000007eab00000,0x00000007eb580000)
  from space 2560K, 98% used [0x00000007ebe00000,0x00000007ec078930,0x00000007ec080000)
  to   space 8192K, 0% used [0x00000007eb580000,0x00000007eb580000,0x00000007ebd80000)
 ParOldGen       total 199680K, used 187782K [0x00000007c0000000, 0x00000007cc300000, 0x00000007eab00000)
  object space 199680K, 94% used [0x00000007c0000000,0x00000007cb7618a0,0x00000007cc300000)
 Metaspace       used 89638K, committed 90688K, reserved 1130496K
  class space    used 8816K, committed 9280K, reserved 1048576K
}
Event: 27157.706 GC heap before
{Heap before GC invocations=7470 (full 197):
 PSYoungGen      total 13312K, used 13282K [0x00000007eab00000, 0x00000007ec580000, 0x0000000800000000)
  eden space 10752K, 99% used [0x00000007eab00000,0x00000007eb57fff8,0x00000007eb580000)
  from space 2560K, 98% used [0x00000007ebe00000,0x00000007ec078930,0x00000007ec080000)
  to   space 8192K, 0% used [0x00000007eb580000,0x00000007eb580000,0x00000007ebd80000)
 ParOldGen       total 199680K, used 187782K [0x00000007c0000000, 0x00000007cc300000, 0x00000007eab00000)
  object space 199680K, 94% used [0x00000007c0000000,0x00000007cb7618a0,0x00000007cc300000)
 Metaspace       used 89647K, committed 90688K, reserved 1130496K
  class space    used 8816K, committed 9280K, reserved 1048576K
}

